Command line:
   Instr_Memory_isim_beh.exe
     -simmode  gui
     -simrunnum  0
     -socket  49600

Wed May 24 20:26:25 2017


 Elaboration Time: 0.0468 sec

 Current Memory Usage: 666.411 Meg

 Total Signals          : 15
 Total Nets             : 77
 Total Signal Drivers   : 6
 Total Blocks           : 2
 Total Primitive Blocks : 2
 Total Processes        : 8
 Total Traceable Variables  : 20
 Total Scalar Nets and Variables : 1213
Total Line Count : 19

 Total Simulation Time: 0.0624 sec

 Current Memory Usage: 666.411 Meg

Wed May 24 20:26:30 2017

